{"__type":"$$EventMessageAudit","id":"9419f7b6-7fdc-460c-93f1-c690f767ace3","ts":"2025-09-20T19:56:04.873+00:00","eventName":"n8n.audit.workflow.created","message":"n8n.audit.workflow.created","payload":{"userId":"b6102f5d-3d71-4f29-b2ab-60c988d64a5a","_email":"teste@teste.com","_firstName":"Teste","_lastName":"Teste","globalRole":"global:owner","workflowId":"lIjAazWsMO6gwiAU","workflowName":"My workflow"}}
{"__type":"$$EventMessageConfirm","confirm":"9419f7b6-7fdc-460c-93f1-c690f767ace3","ts":"2025-09-20T19:56:04.875+00:00","source":{"id":"0","name":"eventBus"}}
{"__type":"$$EventMessageWorkflow","id":"ffa17b87-44c0-4037-ac74-141f76e97c3f","ts":"2025-09-20T19:56:06.260+00:00","eventName":"n8n.workflow.started","message":"n8n.workflow.started","payload":{"executionId":"1","workflowId":"lIjAazWsMO6gwiAU","isManual":false,"workflowName":"My workflow"}}
{"__type":"$$EventMessageConfirm","confirm":"ffa17b87-44c0-4037-ac74-141f76e97c3f","ts":"2025-09-20T19:56:06.260+00:00","source":{"id":"0","name":"eventBus"}}
{"__type":"$$EventMessageNode","id":"a7e50bbb-3761-46c3-af3e-9549f4788dd6","ts":"2025-09-20T19:56:06.267+00:00","eventName":"n8n.node.started","message":"n8n.node.started","payload":{"workflowId":"lIjAazWsMO6gwiAU","workflowName":"My workflow","executionId":"1","nodeType":"n8n-nodes-base.manualTrigger","nodeName":"When clicking ‘Execute workflow’","nodeId":"21945616-ab20-418b-b4b0-1bb99768713a"}}
{"__type":"$$EventMessageConfirm","confirm":"a7e50bbb-3761-46c3-af3e-9549f4788dd6","ts":"2025-09-20T19:56:06.267+00:00","source":{"id":"0","name":"eventBus"}}
{"__type":"$$EventMessageNode","id":"2091eb05-703a-4376-9cdd-abae82184556","ts":"2025-09-20T19:56:06.282+00:00","eventName":"n8n.node.finished","message":"n8n.node.finished","payload":{"workflowId":"lIjAazWsMO6gwiAU","workflowName":"My workflow","executionId":"1","nodeType":"n8n-nodes-base.manualTrigger","nodeName":"When clicking ‘Execute workflow’","nodeId":"21945616-ab20-418b-b4b0-1bb99768713a"}}
{"__type":"$$EventMessageConfirm","confirm":"2091eb05-703a-4376-9cdd-abae82184556","ts":"2025-09-20T19:56:06.282+00:00","source":{"id":"0","name":"eventBus"}}
{"__type":"$$EventMessageNode","id":"9342d6bf-3745-4907-a2e5-a4f3616ddedd","ts":"2025-09-20T19:56:06.288+00:00","eventName":"n8n.node.started","message":"n8n.node.started","payload":{"workflowId":"lIjAazWsMO6gwiAU","workflowName":"My workflow","executionId":"1","nodeType":"n8n-nodes-base.set","nodeName":"Edit Fields","nodeId":"c0a6e007-02c1-4548-b67e-e7fd0903d202"}}
{"__type":"$$EventMessageConfirm","confirm":"9342d6bf-3745-4907-a2e5-a4f3616ddedd","ts":"2025-09-20T19:56:06.288+00:00","source":{"id":"0","name":"eventBus"}}
{"__type":"$$EventMessageNode","id":"7f025908-242f-4d54-8435-bf2fc792218d","ts":"2025-09-20T19:56:06.309+00:00","eventName":"n8n.node.finished","message":"n8n.node.finished","payload":{"workflowId":"lIjAazWsMO6gwiAU","workflowName":"My workflow","executionId":"1","nodeType":"n8n-nodes-base.set","nodeName":"Edit Fields","nodeId":"c0a6e007-02c1-4548-b67e-e7fd0903d202"}}
{"__type":"$$EventMessageConfirm","confirm":"7f025908-242f-4d54-8435-bf2fc792218d","ts":"2025-09-20T19:56:06.309+00:00","source":{"id":"0","name":"eventBus"}}
{"__type":"$$EventMessageNode","id":"00323fbd-60a9-4776-a68e-12108cbc8323","ts":"2025-09-20T19:56:06.310+00:00","eventName":"n8n.node.started","message":"n8n.node.started","payload":{"workflowId":"lIjAazWsMO6gwiAU","workflowName":"My workflow","executionId":"1","nodeType":"CUSTOM.random","nodeName":"Random Number Generator","nodeId":"ed90d91a-eab0-4994-8e1c-b1efd7e84760"}}
{"__type":"$$EventMessageConfirm","confirm":"00323fbd-60a9-4776-a68e-12108cbc8323","ts":"2025-09-20T19:56:06.310+00:00","source":{"id":"0","name":"eventBus"}}
{"__type":"$$EventMessageNode","id":"9d06468f-3070-4a43-bef8-6417900b4d9a","ts":"2025-09-20T19:56:06.892+00:00","eventName":"n8n.node.finished","message":"n8n.node.finished","payload":{"workflowId":"lIjAazWsMO6gwiAU","workflowName":"My workflow","executionId":"1","nodeType":"CUSTOM.random","nodeName":"Random Number Generator","nodeId":"ed90d91a-eab0-4994-8e1c-b1efd7e84760"}}
{"__type":"$$EventMessageConfirm","confirm":"9d06468f-3070-4a43-bef8-6417900b4d9a","ts":"2025-09-20T19:56:06.892+00:00","source":{"id":"0","name":"eventBus"}}
{"__type":"$$EventMessageWorkflow","id":"17dc420b-1387-4fdc-a0b4-b8d30d9a0379","ts":"2025-09-20T19:56:06.899+00:00","eventName":"n8n.workflow.success","message":"n8n.workflow.success","payload":{"userId":"b6102f5d-3d71-4f29-b2ab-60c988d64a5a","executionId":"1","success":true,"isManual":true,"workflowId":"lIjAazWsMO6gwiAU","workflowName":"My workflow"}}
{"__type":"$$EventMessageConfirm","confirm":"17dc420b-1387-4fdc-a0b4-b8d30d9a0379","ts":"2025-09-20T19:56:06.900+00:00","source":{"id":"0","name":"eventBus"}}
{"__type":"$$EventMessageWorkflow","id":"ac84dd83-443c-4e1f-9b32-2e25a157b04f","ts":"2025-09-20T19:56:15.968+00:00","eventName":"n8n.workflow.started","message":"n8n.workflow.started","payload":{"executionId":"2","workflowId":"lIjAazWsMO6gwiAU","isManual":false,"workflowName":"My workflow"}}
{"__type":"$$EventMessageConfirm","confirm":"ac84dd83-443c-4e1f-9b32-2e25a157b04f","ts":"2025-09-20T19:56:15.968+00:00","source":{"id":"0","name":"eventBus"}}
{"__type":"$$EventMessageNode","id":"560efe27-0cc2-4966-9b2d-babbd8af08f5","ts":"2025-09-20T19:56:15.972+00:00","eventName":"n8n.node.started","message":"n8n.node.started","payload":{"workflowId":"lIjAazWsMO6gwiAU","workflowName":"My workflow","executionId":"2","nodeType":"n8n-nodes-base.manualTrigger","nodeName":"When clicking ‘Execute workflow’","nodeId":"21945616-ab20-418b-b4b0-1bb99768713a"}}
{"__type":"$$EventMessageConfirm","confirm":"560efe27-0cc2-4966-9b2d-babbd8af08f5","ts":"2025-09-20T19:56:15.972+00:00","source":{"id":"0","name":"eventBus"}}
{"__type":"$$EventMessageNode","id":"5bd4edc7-b535-4d07-96e8-ca9fc1e4d0b0","ts":"2025-09-20T19:56:15.974+00:00","eventName":"n8n.node.finished","message":"n8n.node.finished","payload":{"workflowId":"lIjAazWsMO6gwiAU","workflowName":"My workflow","executionId":"2","nodeType":"n8n-nodes-base.manualTrigger","nodeName":"When clicking ‘Execute workflow’","nodeId":"21945616-ab20-418b-b4b0-1bb99768713a"}}
{"__type":"$$EventMessageConfirm","confirm":"5bd4edc7-b535-4d07-96e8-ca9fc1e4d0b0","ts":"2025-09-20T19:56:15.974+00:00","source":{"id":"0","name":"eventBus"}}
{"__type":"$$EventMessageNode","id":"3ee43aa9-ac3d-481b-92eb-0949f3dd29cc","ts":"2025-09-20T19:56:15.975+00:00","eventName":"n8n.node.started","message":"n8n.node.started","payload":{"workflowId":"lIjAazWsMO6gwiAU","workflowName":"My workflow","executionId":"2","nodeType":"n8n-nodes-base.set","nodeName":"Edit Fields","nodeId":"c0a6e007-02c1-4548-b67e-e7fd0903d202"}}
{"__type":"$$EventMessageConfirm","confirm":"3ee43aa9-ac3d-481b-92eb-0949f3dd29cc","ts":"2025-09-20T19:56:15.975+00:00","source":{"id":"0","name":"eventBus"}}
{"__type":"$$EventMessageNode","id":"98d6e402-9b71-49d2-9f98-53c25df68561","ts":"2025-09-20T19:56:15.977+00:00","eventName":"n8n.node.finished","message":"n8n.node.finished","payload":{"workflowId":"lIjAazWsMO6gwiAU","workflowName":"My workflow","executionId":"2","nodeType":"n8n-nodes-base.set","nodeName":"Edit Fields","nodeId":"c0a6e007-02c1-4548-b67e-e7fd0903d202"}}
{"__type":"$$EventMessageConfirm","confirm":"98d6e402-9b71-49d2-9f98-53c25df68561","ts":"2025-09-20T19:56:15.977+00:00","source":{"id":"0","name":"eventBus"}}
{"__type":"$$EventMessageNode","id":"7bc38a00-14cd-4f98-84eb-f08d77c49e5d","ts":"2025-09-20T19:56:15.977+00:00","eventName":"n8n.node.started","message":"n8n.node.started","payload":{"workflowId":"lIjAazWsMO6gwiAU","workflowName":"My workflow","executionId":"2","nodeType":"CUSTOM.random","nodeName":"Random Number Generator","nodeId":"ed90d91a-eab0-4994-8e1c-b1efd7e84760"}}
{"__type":"$$EventMessageConfirm","confirm":"7bc38a00-14cd-4f98-84eb-f08d77c49e5d","ts":"2025-09-20T19:56:15.978+00:00","source":{"id":"0","name":"eventBus"}}
{"__type":"$$EventMessageNode","id":"8b8659a1-f744-4b28-a956-6e630c7df678","ts":"2025-09-20T16:56:16.538-03:00","eventName":"n8n.node.finished","message":"n8n.node.finished","payload":{"workflowId":"lIjAazWsMO6gwiAU","workflowName":"My workflow","executionId":"2","nodeType":"CUSTOM.random","nodeName":"Random Number Generator","nodeId":"ed90d91a-eab0-4994-8e1c-b1efd7e84760"}}
{"__type":"$$EventMessageConfirm","confirm":"8b8659a1-f744-4b28-a956-6e630c7df678","ts":"2025-09-20T16:56:16.539-03:00","source":{"id":"0","name":"eventBus"}}
{"__type":"$$EventMessageWorkflow","id":"59f7b178-2c67-412e-a1dc-fbfc61196e6e","ts":"2025-09-20T16:56:16.542-03:00","eventName":"n8n.workflow.success","message":"n8n.workflow.success","payload":{"userId":"b6102f5d-3d71-4f29-b2ab-60c988d64a5a","executionId":"2","success":true,"isManual":true,"workflowId":"lIjAazWsMO6gwiAU","workflowName":"My workflow"}}
{"__type":"$$EventMessageConfirm","confirm":"59f7b178-2c67-412e-a1dc-fbfc61196e6e","ts":"2025-09-20T16:56:16.542-03:00","source":{"id":"0","name":"eventBus"}}
