{"__type":"$$EventMessageAudit","id":"52990d16-6062-43c7-a6be-8d6ea53b0d82","ts":"2025-09-21T03:46:48.722+00:00","eventName":"n8n.audit.workflow.updated","message":"n8n.audit.workflow.updated","payload":{"userId":"b6102f5d-3d71-4f29-b2ab-60c988d64a5a","_email":"teste@teste.com","_firstName":"Teste","_lastName":"Teste","globalRole":"global:owner","workflowId":"lIjAazWsMO6gwiAU","workflowName":"Exemple"}}
{"__type":"$$EventMessageConfirm","confirm":"52990d16-6062-43c7-a6be-8d6ea53b0d82","ts":"2025-09-21T03:46:48.723+00:00","source":{"id":"0","name":"eventBus"}}
{"__type":"$$EventMessageWorkflow","id":"524c60ba-9140-4084-b3b6-ffbde78ae5f4","ts":"2025-09-21T03:49:38.389+00:00","eventName":"n8n.workflow.started","message":"n8n.workflow.started","payload":{"executionId":"3","workflowId":"lIjAazWsMO6gwiAU","isManual":false,"workflowName":"Exemple"}}
{"__type":"$$EventMessageConfirm","confirm":"524c60ba-9140-4084-b3b6-ffbde78ae5f4","ts":"2025-09-21T03:49:38.389+00:00","source":{"id":"0","name":"eventBus"}}
{"__type":"$$EventMessageNode","id":"929bfb99-7a10-4e0d-aa26-39c73d53d479","ts":"2025-09-21T03:49:38.394+00:00","eventName":"n8n.node.started","message":"n8n.node.started","payload":{"workflowId":"lIjAazWsMO6gwiAU","workflowName":"Exemple","executionId":"3","nodeType":"n8n-nodes-base.manualTrigger","nodeName":"Inicio do workflow","nodeId":"21945616-ab20-418b-b4b0-1bb99768713a"}}
{"__type":"$$EventMessageConfirm","confirm":"929bfb99-7a10-4e0d-aa26-39c73d53d479","ts":"2025-09-21T03:49:38.394+00:00","source":{"id":"0","name":"eventBus"}}
{"__type":"$$EventMessageNode","id":"b56bcdcf-426a-471a-8ce3-6e0ee678f948","ts":"2025-09-21T03:49:38.399+00:00","eventName":"n8n.node.finished","message":"n8n.node.finished","payload":{"workflowId":"lIjAazWsMO6gwiAU","workflowName":"Exemple","executionId":"3","nodeType":"n8n-nodes-base.manualTrigger","nodeName":"Inicio do workflow","nodeId":"21945616-ab20-418b-b4b0-1bb99768713a"}}
{"__type":"$$EventMessageConfirm","confirm":"b56bcdcf-426a-471a-8ce3-6e0ee678f948","ts":"2025-09-21T03:49:38.399+00:00","source":{"id":"0","name":"eventBus"}}
{"__type":"$$EventMessageNode","id":"a75b7f70-fa37-4768-b017-82103fd98129","ts":"2025-09-21T03:49:38.400+00:00","eventName":"n8n.node.started","message":"n8n.node.started","payload":{"workflowId":"lIjAazWsMO6gwiAU","workflowName":"Exemple","executionId":"3","nodeType":"n8n-nodes-base.set","nodeName":"Atribuição dinamica","nodeId":"c0a6e007-02c1-4548-b67e-e7fd0903d202"}}
{"__type":"$$EventMessageConfirm","confirm":"a75b7f70-fa37-4768-b017-82103fd98129","ts":"2025-09-21T03:49:38.400+00:00","source":{"id":"0","name":"eventBus"}}
{"__type":"$$EventMessageNode","id":"658ccd78-1a04-4add-a237-95bbee2e3591","ts":"2025-09-21T03:49:38.410+00:00","eventName":"n8n.node.finished","message":"n8n.node.finished","payload":{"workflowId":"lIjAazWsMO6gwiAU","workflowName":"Exemple","executionId":"3","nodeType":"n8n-nodes-base.set","nodeName":"Atribuição dinamica","nodeId":"c0a6e007-02c1-4548-b67e-e7fd0903d202"}}
{"__type":"$$EventMessageConfirm","confirm":"658ccd78-1a04-4add-a237-95bbee2e3591","ts":"2025-09-21T03:49:38.410+00:00","source":{"id":"0","name":"eventBus"}}
{"__type":"$$EventMessageNode","id":"2e3f5827-17bd-49df-b264-c7095ff16630","ts":"2025-09-21T03:49:38.412+00:00","eventName":"n8n.node.started","message":"n8n.node.started","payload":{"workflowId":"lIjAazWsMO6gwiAU","workflowName":"Exemple","executionId":"3","nodeType":"CUSTOM.random","nodeName":"Random Number Generator","nodeId":"ed90d91a-eab0-4994-8e1c-b1efd7e84760"}}
{"__type":"$$EventMessageConfirm","confirm":"2e3f5827-17bd-49df-b264-c7095ff16630","ts":"2025-09-21T03:49:38.412+00:00","source":{"id":"0","name":"eventBus"}}
{"__type":"$$EventMessageNode","id":"fa356d3c-fc98-4b6c-a80c-75d97d92fa91","ts":"2025-09-21T03:49:38.856+00:00","eventName":"n8n.node.finished","message":"n8n.node.finished","payload":{"workflowId":"lIjAazWsMO6gwiAU","workflowName":"Exemple","executionId":"3","nodeType":"CUSTOM.random","nodeName":"Random Number Generator","nodeId":"ed90d91a-eab0-4994-8e1c-b1efd7e84760"}}
{"__type":"$$EventMessageConfirm","confirm":"fa356d3c-fc98-4b6c-a80c-75d97d92fa91","ts":"2025-09-21T03:49:38.856+00:00","source":{"id":"0","name":"eventBus"}}
{"__type":"$$EventMessageWorkflow","id":"7d16b759-e35d-456f-a88b-b4322fd50c1f","ts":"2025-09-21T03:49:38.868+00:00","eventName":"n8n.workflow.success","message":"n8n.workflow.success","payload":{"userId":"b6102f5d-3d71-4f29-b2ab-60c988d64a5a","executionId":"3","success":true,"isManual":true,"workflowId":"lIjAazWsMO6gwiAU","workflowName":"Exemple"}}
{"__type":"$$EventMessageConfirm","confirm":"7d16b759-e35d-456f-a88b-b4322fd50c1f","ts":"2025-09-21T03:49:38.869+00:00","source":{"id":"0","name":"eventBus"}}
{"__type":"$$EventMessageAudit","id":"c0f2f156-d7ea-4d32-a1b9-8701066bd62b","ts":"2025-09-21T03:50:01.453+00:00","eventName":"n8n.audit.workflow.updated","message":"n8n.audit.workflow.updated","payload":{"userId":"b6102f5d-3d71-4f29-b2ab-60c988d64a5a","_email":"teste@teste.com","_firstName":"Teste","_lastName":"Teste","globalRole":"global:owner","workflowId":"lIjAazWsMO6gwiAU","workflowName":"Exemple"}}
{"__type":"$$EventMessageConfirm","confirm":"c0f2f156-d7ea-4d32-a1b9-8701066bd62b","ts":"2025-09-21T03:50:01.453+00:00","source":{"id":"0","name":"eventBus"}}
{"__type":"$$EventMessageWorkflow","id":"0130a147-bf4f-4fd9-b2d9-edd4213b48b6","ts":"2025-09-21T03:50:04.566+00:00","eventName":"n8n.workflow.started","message":"n8n.workflow.started","payload":{"executionId":"4","workflowId":"lIjAazWsMO6gwiAU","isManual":false,"workflowName":"Exemple"}}
{"__type":"$$EventMessageConfirm","confirm":"0130a147-bf4f-4fd9-b2d9-edd4213b48b6","ts":"2025-09-21T03:50:04.567+00:00","source":{"id":"0","name":"eventBus"}}
{"__type":"$$EventMessageNode","id":"b771f04b-bd60-417c-b25e-4e9ced0615ed","ts":"2025-09-21T03:50:04.568+00:00","eventName":"n8n.node.started","message":"n8n.node.started","payload":{"workflowId":"lIjAazWsMO6gwiAU","workflowName":"Exemple","executionId":"4","nodeType":"n8n-nodes-base.manualTrigger","nodeName":"Inicio do workflow","nodeId":"21945616-ab20-418b-b4b0-1bb99768713a"}}
{"__type":"$$EventMessageConfirm","confirm":"b771f04b-bd60-417c-b25e-4e9ced0615ed","ts":"2025-09-21T03:50:04.568+00:00","source":{"id":"0","name":"eventBus"}}
{"__type":"$$EventMessageNode","id":"d3fcd305-aae5-4949-a981-28c5c9995ddb","ts":"2025-09-21T03:50:04.571+00:00","eventName":"n8n.node.finished","message":"n8n.node.finished","payload":{"workflowId":"lIjAazWsMO6gwiAU","workflowName":"Exemple","executionId":"4","nodeType":"n8n-nodes-base.manualTrigger","nodeName":"Inicio do workflow","nodeId":"21945616-ab20-418b-b4b0-1bb99768713a"}}
{"__type":"$$EventMessageConfirm","confirm":"d3fcd305-aae5-4949-a981-28c5c9995ddb","ts":"2025-09-21T03:50:04.571+00:00","source":{"id":"0","name":"eventBus"}}
{"__type":"$$EventMessageNode","id":"90c5f9aa-6f9b-4cfc-890b-0e4601b15a5e","ts":"2025-09-21T03:50:04.572+00:00","eventName":"n8n.node.started","message":"n8n.node.started","payload":{"workflowId":"lIjAazWsMO6gwiAU","workflowName":"Exemple","executionId":"4","nodeType":"n8n-nodes-base.set","nodeName":"Atribuição dinamica","nodeId":"c0a6e007-02c1-4548-b67e-e7fd0903d202"}}
{"__type":"$$EventMessageConfirm","confirm":"90c5f9aa-6f9b-4cfc-890b-0e4601b15a5e","ts":"2025-09-21T03:50:04.572+00:00","source":{"id":"0","name":"eventBus"}}
{"__type":"$$EventMessageNode","id":"ab1c41c3-55ba-4ecd-ae5d-f7f4e0270aaa","ts":"2025-09-21T03:50:04.575+00:00","eventName":"n8n.node.finished","message":"n8n.node.finished","payload":{"workflowId":"lIjAazWsMO6gwiAU","workflowName":"Exemple","executionId":"4","nodeType":"n8n-nodes-base.set","nodeName":"Atribuição dinamica","nodeId":"c0a6e007-02c1-4548-b67e-e7fd0903d202"}}
{"__type":"$$EventMessageConfirm","confirm":"ab1c41c3-55ba-4ecd-ae5d-f7f4e0270aaa","ts":"2025-09-21T03:50:04.575+00:00","source":{"id":"0","name":"eventBus"}}
{"__type":"$$EventMessageNode","id":"ab466c1b-d06a-41a4-b823-a83492846c90","ts":"2025-09-21T03:50:04.576+00:00","eventName":"n8n.node.started","message":"n8n.node.started","payload":{"workflowId":"lIjAazWsMO6gwiAU","workflowName":"Exemple","executionId":"4","nodeType":"CUSTOM.random","nodeName":"Random Number Generator","nodeId":"ed90d91a-eab0-4994-8e1c-b1efd7e84760"}}
{"__type":"$$EventMessageConfirm","confirm":"ab466c1b-d06a-41a4-b823-a83492846c90","ts":"2025-09-21T03:50:04.577+00:00","source":{"id":"0","name":"eventBus"}}
{"__type":"$$EventMessageNode","id":"7bf89a3b-19e5-4753-b545-15c35a9dce75","ts":"2025-09-21T00:50:05.052-03:00","eventName":"n8n.node.finished","message":"n8n.node.finished","payload":{"workflowId":"lIjAazWsMO6gwiAU","workflowName":"Exemple","executionId":"4","nodeType":"CUSTOM.random","nodeName":"Random Number Generator","nodeId":"ed90d91a-eab0-4994-8e1c-b1efd7e84760"}}
{"__type":"$$EventMessageConfirm","confirm":"7bf89a3b-19e5-4753-b545-15c35a9dce75","ts":"2025-09-21T00:50:05.052-03:00","source":{"id":"0","name":"eventBus"}}
{"__type":"$$EventMessageWorkflow","id":"015b86f5-1c98-4adc-818c-5ad3567bd09c","ts":"2025-09-21T00:50:05.055-03:00","eventName":"n8n.workflow.success","message":"n8n.workflow.success","payload":{"userId":"b6102f5d-3d71-4f29-b2ab-60c988d64a5a","executionId":"4","success":true,"isManual":true,"workflowId":"lIjAazWsMO6gwiAU","workflowName":"Exemple"}}
{"__type":"$$EventMessageConfirm","confirm":"015b86f5-1c98-4adc-818c-5ad3567bd09c","ts":"2025-09-21T00:50:05.055-03:00","source":{"id":"0","name":"eventBus"}}
{"__type":"$$EventMessageWorkflow","id":"385cfc86-2044-49d3-bfa4-9a506338004b","ts":"2025-09-21T00:52:50.843-03:00","eventName":"n8n.workflow.started","message":"n8n.workflow.started","payload":{"executionId":"5","workflowId":"lIjAazWsMO6gwiAU","isManual":false,"workflowName":"Exemple"}}
{"__type":"$$EventMessageConfirm","confirm":"385cfc86-2044-49d3-bfa4-9a506338004b","ts":"2025-09-21T00:52:50.843-03:00","source":{"id":"0","name":"eventBus"}}
{"__type":"$$EventMessageNode","id":"e96122fa-c23e-41d7-8eea-c4fa11e83e1c","ts":"2025-09-21T00:52:50.845-03:00","eventName":"n8n.node.started","message":"n8n.node.started","payload":{"workflowId":"lIjAazWsMO6gwiAU","workflowName":"Exemple","executionId":"5","nodeType":"n8n-nodes-base.manualTrigger","nodeName":"Inicio do workflow","nodeId":"21945616-ab20-418b-b4b0-1bb99768713a"}}
{"__type":"$$EventMessageConfirm","confirm":"e96122fa-c23e-41d7-8eea-c4fa11e83e1c","ts":"2025-09-21T00:52:50.846-03:00","source":{"id":"0","name":"eventBus"}}
{"__type":"$$EventMessageNode","id":"89a02334-5d5f-4d85-96b3-87c5b06252d7","ts":"2025-09-21T00:52:50.850-03:00","eventName":"n8n.node.finished","message":"n8n.node.finished","payload":{"workflowId":"lIjAazWsMO6gwiAU","workflowName":"Exemple","executionId":"5","nodeType":"n8n-nodes-base.manualTrigger","nodeName":"Inicio do workflow","nodeId":"21945616-ab20-418b-b4b0-1bb99768713a"}}
{"__type":"$$EventMessageConfirm","confirm":"89a02334-5d5f-4d85-96b3-87c5b06252d7","ts":"2025-09-21T00:52:50.850-03:00","source":{"id":"0","name":"eventBus"}}
{"__type":"$$EventMessageNode","id":"bb3961fb-1470-48c2-b9ce-82a925b3239c","ts":"2025-09-21T00:52:50.851-03:00","eventName":"n8n.node.started","message":"n8n.node.started","payload":{"workflowId":"lIjAazWsMO6gwiAU","workflowName":"Exemple","executionId":"5","nodeType":"n8n-nodes-base.set","nodeName":"Atribuição dinamica","nodeId":"c0a6e007-02c1-4548-b67e-e7fd0903d202"}}
{"__type":"$$EventMessageConfirm","confirm":"bb3961fb-1470-48c2-b9ce-82a925b3239c","ts":"2025-09-21T00:52:50.851-03:00","source":{"id":"0","name":"eventBus"}}
{"__type":"$$EventMessageNode","id":"8e24df69-389e-4bba-bccb-595b548c7395","ts":"2025-09-21T00:52:50.853-03:00","eventName":"n8n.node.finished","message":"n8n.node.finished","payload":{"workflowId":"lIjAazWsMO6gwiAU","workflowName":"Exemple","executionId":"5","nodeType":"n8n-nodes-base.set","nodeName":"Atribuição dinamica","nodeId":"c0a6e007-02c1-4548-b67e-e7fd0903d202"}}
{"__type":"$$EventMessageConfirm","confirm":"8e24df69-389e-4bba-bccb-595b548c7395","ts":"2025-09-21T00:52:50.853-03:00","source":{"id":"0","name":"eventBus"}}
{"__type":"$$EventMessageNode","id":"02ca1d95-78e0-461b-a62b-ab7d7aae7932","ts":"2025-09-21T00:52:50.853-03:00","eventName":"n8n.node.started","message":"n8n.node.started","payload":{"workflowId":"lIjAazWsMO6gwiAU","workflowName":"Exemple","executionId":"5","nodeType":"CUSTOM.random","nodeName":"Random Number Generator","nodeId":"ed90d91a-eab0-4994-8e1c-b1efd7e84760"}}
{"__type":"$$EventMessageConfirm","confirm":"02ca1d95-78e0-461b-a62b-ab7d7aae7932","ts":"2025-09-21T00:52:50.853-03:00","source":{"id":"0","name":"eventBus"}}
{"__type":"$$EventMessageNode","id":"218c0706-ae15-4219-8f33-062d3b042135","ts":"2025-09-21T00:52:51.224-03:00","eventName":"n8n.node.finished","message":"n8n.node.finished","payload":{"workflowId":"lIjAazWsMO6gwiAU","workflowName":"Exemple","executionId":"5","nodeType":"CUSTOM.random","nodeName":"Random Number Generator","nodeId":"ed90d91a-eab0-4994-8e1c-b1efd7e84760"}}
{"__type":"$$EventMessageConfirm","confirm":"218c0706-ae15-4219-8f33-062d3b042135","ts":"2025-09-21T00:52:51.224-03:00","source":{"id":"0","name":"eventBus"}}
{"__type":"$$EventMessageNode","id":"c63055a6-3caa-48bf-97b4-58c85b6bf3d0","ts":"2025-09-21T00:52:51.224-03:00","eventName":"n8n.node.started","message":"n8n.node.started","payload":{"workflowId":"lIjAazWsMO6gwiAU","workflowName":"Exemple","executionId":"5","nodeType":"CUSTOM.random","nodeName":"Random Number Generator1","nodeId":"198b0233-ade5-47fa-a34e-976328146909"}}
{"__type":"$$EventMessageConfirm","confirm":"c63055a6-3caa-48bf-97b4-58c85b6bf3d0","ts":"2025-09-21T00:52:51.225-03:00","source":{"id":"0","name":"eventBus"}}
{"__type":"$$EventMessageNode","id":"48765a19-a385-4b39-a9ee-103adf6c5950","ts":"2025-09-21T00:52:51.629-03:00","eventName":"n8n.node.finished","message":"n8n.node.finished","payload":{"workflowId":"lIjAazWsMO6gwiAU","workflowName":"Exemple","executionId":"5","nodeType":"CUSTOM.random","nodeName":"Random Number Generator1","nodeId":"198b0233-ade5-47fa-a34e-976328146909"}}
{"__type":"$$EventMessageConfirm","confirm":"48765a19-a385-4b39-a9ee-103adf6c5950","ts":"2025-09-21T00:52:51.629-03:00","source":{"id":"0","name":"eventBus"}}
{"__type":"$$EventMessageWorkflow","id":"b9e9e11f-6ee0-41e7-ad4d-6dbdded6342b","ts":"2025-09-21T00:52:51.634-03:00","eventName":"n8n.workflow.success","message":"n8n.workflow.success","payload":{"userId":"b6102f5d-3d71-4f29-b2ab-60c988d64a5a","executionId":"5","success":true,"isManual":true,"workflowId":"lIjAazWsMO6gwiAU","workflowName":"Exemple"}}
{"__type":"$$EventMessageConfirm","confirm":"b9e9e11f-6ee0-41e7-ad4d-6dbdded6342b","ts":"2025-09-21T00:52:51.634-03:00","source":{"id":"0","name":"eventBus"}}
{"__type":"$$EventMessageAudit","id":"f81dba7a-82d7-41d9-8dc5-6d653ef460b2","ts":"2025-09-21T00:53:03.273-03:00","eventName":"n8n.audit.workflow.updated","message":"n8n.audit.workflow.updated","payload":{"userId":"b6102f5d-3d71-4f29-b2ab-60c988d64a5a","_email":"teste@teste.com","_firstName":"Teste","_lastName":"Teste","globalRole":"global:owner","workflowId":"lIjAazWsMO6gwiAU","workflowName":"Exemple"}}
{"__type":"$$EventMessageConfirm","confirm":"f81dba7a-82d7-41d9-8dc5-6d653ef460b2","ts":"2025-09-21T00:53:03.273-03:00","source":{"id":"0","name":"eventBus"}}
